<?xml version="1.0" encoding="UTF-8"?>
<testng-results ignored="0" total="10" passed="10" failed="0" skipped="0">
  <reporter-output>
  </reporter-output>
  <suite started-at="2025-03-18T08:51:28 IST" name="Default suite" finished-at="2025-03-18T08:52:00 IST" duration-ms="32195">
    <groups>
      <group name="Regression">
        <method signature="HomePageTest.addProductFromWishlistToCart()[pri:0, instance:com.savaprix.ecom.homepage.HomePageTest@67c2e933]" name="addProductFromWishlistToCart" class="com.savaprix.ecom.homepage.HomePageTest"/>
        <method signature="HomePageTest.addProductToCart()[pri:0, instance:com.savaprix.ecom.homepage.HomePageTest@67c2e933]" name="addProductToCart" class="com.savaprix.ecom.homepage.HomePageTest"/>
        <method signature="HomePageTest.addProductToCartAndUpdateAddress()[pri:0, instance:com.savaprix.ecom.homepage.HomePageTest@67c2e933]" name="addProductToCartAndUpdateAddress" class="com.savaprix.ecom.homepage.HomePageTest"/>
        <method signature="HomePageTest.addProductToWishList()[pri:0, instance:com.savaprix.ecom.homepage.HomePageTest@67c2e933]" name="addProductToWishList" class="com.savaprix.ecom.homepage.HomePageTest"/>
        <method signature="HomePageTest.completePendingOrder()[pri:0, instance:com.savaprix.ecom.homepage.HomePageTest@67c2e933]" name="completePendingOrder" class="com.savaprix.ecom.homepage.HomePageTest"/>
        <method signature="HomePageTest.removeProductsFromPaymentPendingPage()[pri:0, instance:com.savaprix.ecom.homepage.HomePageTest@67c2e933]" name="removeProductsFromPaymentPendingPage" class="com.savaprix.ecom.homepage.HomePageTest"/>
      </group> <!-- Regression -->
      <group name="Smoke">
        <method signature="HomePageTest.changeAccountDetails()[pri:0, instance:com.savaprix.ecom.homepage.HomePageTest@67c2e933]" name="changeAccountDetails" class="com.savaprix.ecom.homepage.HomePageTest"/>
        <method signature="HomePageTest.loginWithInvalidCred()[pri:0, instance:com.savaprix.ecom.homepage.HomePageTest@67c2e933]" name="loginWithInvalidCred" class="com.savaprix.ecom.homepage.HomePageTest"/>
        <method signature="HomePageTest.placeOrder()[pri:0, instance:com.savaprix.ecom.homepage.HomePageTest@67c2e933]" name="placeOrder" class="com.savaprix.ecom.homepage.HomePageTest"/>
        <method signature="HomePageTest.registerAsUserTest()[pri:0, instance:com.savaprix.ecom.homepage.HomePageTest@67c2e933]" name="registerAsUserTest" class="com.savaprix.ecom.homepage.HomePageTest"/>
      </group> <!-- Smoke -->
    </groups>
    <test started-at="2025-03-18T08:51:28 IST" name="Default test" finished-at="2025-03-18T08:52:00 IST" duration-ms="32195">
      <class name="com.savaprix.ecom.homepage.HomePageTest">
        <test-method is-config="true" signature="beforeSuite()[pri:0, instance:com.savaprix.ecom.homepage.HomePageTest@67c2e933]" started-at="2025-03-18T08:51:28 IST" name="beforeSuite" finished-at="2025-03-18T08:51:28 IST" duration-ms="14" status="PASS">
          <reporter-output>
          </reporter-output>
        </test-method> <!-- beforeSuite -->
        <test-method is-config="true" signature="beforeClass(java.lang.String)[pri:0, instance:com.savaprix.ecom.homepage.HomePageTest@67c2e933]" started-at="2025-03-18T08:51:28 IST" name="beforeClass" finished-at="2025-03-18T08:51:31 IST" duration-ms="3512" status="PASS">
          <params>
            <param index="0">
              <value>
                <![CDATA[chrome]]>
              </value>
            </param>
          </params>
          <reporter-output>
          </reporter-output>
        </test-method> <!-- beforeClass -->
        <test-method is-config="true" signature="login()[pri:0, instance:com.savaprix.ecom.homepage.HomePageTest@67c2e933]" started-at="2025-03-18T08:51:31 IST" name="login" finished-at="2025-03-18T08:51:32 IST" duration-ms="297" status="PASS">
          <reporter-output>
          </reporter-output>
        </test-method> <!-- login -->
        <test-method signature="addProductFromWishlistToCart()[pri:0, instance:com.savaprix.ecom.homepage.HomePageTest@67c2e933]" started-at="2025-03-18T08:51:32 IST" name="addProductFromWishlistToCart" finished-at="2025-03-18T08:51:35 IST" duration-ms="2850" status="PASS">
          <reporter-output>
          </reporter-output>
        </test-method> <!-- addProductFromWishlistToCart -->
        <test-method is-config="true" signature="logout()[pri:0, instance:com.savaprix.ecom.homepage.HomePageTest@67c2e933]" started-at="2025-03-18T08:51:35 IST" name="logout" finished-at="2025-03-18T08:51:35 IST" duration-ms="1" status="PASS">
          <reporter-output>
          </reporter-output>
        </test-method> <!-- logout -->
        <test-method is-config="true" signature="login()[pri:0, instance:com.savaprix.ecom.homepage.HomePageTest@67c2e933]" started-at="2025-03-18T08:51:35 IST" name="login" finished-at="2025-03-18T08:51:35 IST" duration-ms="324" status="PASS">
          <reporter-output>
          </reporter-output>
        </test-method> <!-- login -->
        <test-method signature="addProductToCart()[pri:0, instance:com.savaprix.ecom.homepage.HomePageTest@67c2e933]" started-at="2025-03-18T08:51:35 IST" name="addProductToCart" finished-at="2025-03-18T08:51:37 IST" duration-ms="1851" status="PASS">
          <reporter-output>
          </reporter-output>
        </test-method> <!-- addProductToCart -->
        <test-method is-config="true" signature="logout()[pri:0, instance:com.savaprix.ecom.homepage.HomePageTest@67c2e933]" started-at="2025-03-18T08:51:37 IST" name="logout" finished-at="2025-03-18T08:51:37 IST" duration-ms="1" status="PASS">
          <reporter-output>
          </reporter-output>
        </test-method> <!-- logout -->
        <test-method is-config="true" signature="login()[pri:0, instance:com.savaprix.ecom.homepage.HomePageTest@67c2e933]" started-at="2025-03-18T08:51:37 IST" name="login" finished-at="2025-03-18T08:51:37 IST" duration-ms="338" status="PASS">
          <reporter-output>
          </reporter-output>
        </test-method> <!-- login -->
        <test-method signature="addProductToCartAndUpdateAddress()[pri:0, instance:com.savaprix.ecom.homepage.HomePageTest@67c2e933]" started-at="2025-03-18T08:51:37 IST" name="addProductToCartAndUpdateAddress" finished-at="2025-03-18T08:51:42 IST" duration-ms="4515" status="PASS">
          <reporter-output>
          </reporter-output>
        </test-method> <!-- addProductToCartAndUpdateAddress -->
        <test-method is-config="true" signature="logout()[pri:0, instance:com.savaprix.ecom.homepage.HomePageTest@67c2e933]" started-at="2025-03-18T08:51:42 IST" name="logout" finished-at="2025-03-18T08:51:42 IST" duration-ms="1" status="PASS">
          <reporter-output>
          </reporter-output>
        </test-method> <!-- logout -->
        <test-method is-config="true" signature="login()[pri:0, instance:com.savaprix.ecom.homepage.HomePageTest@67c2e933]" started-at="2025-03-18T08:51:42 IST" name="login" finished-at="2025-03-18T08:51:42 IST" duration-ms="336" status="PASS">
          <reporter-output>
          </reporter-output>
        </test-method> <!-- login -->
        <test-method signature="addProductToWishList()[pri:0, instance:com.savaprix.ecom.homepage.HomePageTest@67c2e933]" started-at="2025-03-18T08:51:42 IST" name="addProductToWishList" finished-at="2025-03-18T08:51:44 IST" duration-ms="1882" status="PASS">
          <reporter-output>
          </reporter-output>
        </test-method> <!-- addProductToWishList -->
        <test-method is-config="true" signature="logout()[pri:0, instance:com.savaprix.ecom.homepage.HomePageTest@67c2e933]" started-at="2025-03-18T08:51:44 IST" name="logout" finished-at="2025-03-18T08:51:44 IST" duration-ms="1" status="PASS">
          <reporter-output>
          </reporter-output>
        </test-method> <!-- logout -->
        <test-method is-config="true" signature="login()[pri:0, instance:com.savaprix.ecom.homepage.HomePageTest@67c2e933]" started-at="2025-03-18T08:51:44 IST" name="login" finished-at="2025-03-18T08:51:44 IST" duration-ms="354" status="PASS">
          <reporter-output>
          </reporter-output>
        </test-method> <!-- login -->
        <test-method signature="changeAccountDetails()[pri:0, instance:com.savaprix.ecom.homepage.HomePageTest@67c2e933]" started-at="2025-03-18T08:51:44 IST" name="changeAccountDetails" finished-at="2025-03-18T08:51:46 IST" duration-ms="1973" status="PASS">
          <reporter-output>
          </reporter-output>
        </test-method> <!-- changeAccountDetails -->
        <test-method is-config="true" signature="logout()[pri:0, instance:com.savaprix.ecom.homepage.HomePageTest@67c2e933]" started-at="2025-03-18T08:51:46 IST" name="logout" finished-at="2025-03-18T08:51:46 IST" duration-ms="1" status="PASS">
          <reporter-output>
          </reporter-output>
        </test-method> <!-- logout -->
        <test-method is-config="true" signature="login()[pri:0, instance:com.savaprix.ecom.homepage.HomePageTest@67c2e933]" started-at="2025-03-18T08:51:46 IST" name="login" finished-at="2025-03-18T08:51:47 IST" duration-ms="335" status="PASS">
          <reporter-output>
          </reporter-output>
        </test-method> <!-- login -->
        <test-method signature="completePendingOrder()[pri:0, instance:com.savaprix.ecom.homepage.HomePageTest@67c2e933]" started-at="2025-03-18T08:51:47 IST" name="completePendingOrder" finished-at="2025-03-18T08:51:50 IST" duration-ms="3513" status="PASS">
          <reporter-output>
          </reporter-output>
        </test-method> <!-- completePendingOrder -->
        <test-method is-config="true" signature="logout()[pri:0, instance:com.savaprix.ecom.homepage.HomePageTest@67c2e933]" started-at="2025-03-18T08:51:50 IST" name="logout" finished-at="2025-03-18T08:51:50 IST" duration-ms="1" status="PASS">
          <reporter-output>
          </reporter-output>
        </test-method> <!-- logout -->
        <test-method is-config="true" signature="login()[pri:0, instance:com.savaprix.ecom.homepage.HomePageTest@67c2e933]" started-at="2025-03-18T08:51:50 IST" name="login" finished-at="2025-03-18T08:51:50 IST" duration-ms="323" status="PASS">
          <reporter-output>
          </reporter-output>
        </test-method> <!-- login -->
        <test-method signature="loginWithInvalidCred()[pri:0, instance:com.savaprix.ecom.homepage.HomePageTest@67c2e933]" started-at="2025-03-18T08:51:50 IST" name="loginWithInvalidCred" finished-at="2025-03-18T08:51:51 IST" duration-ms="435" status="PASS">
          <reporter-output>
          </reporter-output>
        </test-method> <!-- loginWithInvalidCred -->
        <test-method is-config="true" signature="logout()[pri:0, instance:com.savaprix.ecom.homepage.HomePageTest@67c2e933]" started-at="2025-03-18T08:51:51 IST" name="logout" finished-at="2025-03-18T08:51:51 IST" duration-ms="1" status="PASS">
          <reporter-output>
          </reporter-output>
        </test-method> <!-- logout -->
        <test-method is-config="true" signature="login()[pri:0, instance:com.savaprix.ecom.homepage.HomePageTest@67c2e933]" started-at="2025-03-18T08:51:51 IST" name="login" finished-at="2025-03-18T08:51:51 IST" duration-ms="435" status="PASS">
          <reporter-output>
          </reporter-output>
        </test-method> <!-- login -->
        <test-method signature="placeOrder()[pri:0, instance:com.savaprix.ecom.homepage.HomePageTest@67c2e933]" started-at="2025-03-18T08:51:51 IST" name="placeOrder" finished-at="2025-03-18T08:51:54 IST" duration-ms="2566" status="PASS">
          <reporter-output>
          </reporter-output>
        </test-method> <!-- placeOrder -->
        <test-method is-config="true" signature="logout()[pri:0, instance:com.savaprix.ecom.homepage.HomePageTest@67c2e933]" started-at="2025-03-18T08:51:54 IST" name="logout" finished-at="2025-03-18T08:51:54 IST" duration-ms="1" status="PASS">
          <reporter-output>
          </reporter-output>
        </test-method> <!-- logout -->
        <test-method is-config="true" signature="login()[pri:0, instance:com.savaprix.ecom.homepage.HomePageTest@67c2e933]" started-at="2025-03-18T08:51:54 IST" name="login" finished-at="2025-03-18T08:51:54 IST" duration-ms="353" status="PASS">
          <reporter-output>
          </reporter-output>
        </test-method> <!-- login -->
        <test-method signature="registerAsUserTest()[pri:0, instance:com.savaprix.ecom.homepage.HomePageTest@67c2e933]" started-at="2025-03-18T08:51:54 IST" name="registerAsUserTest" finished-at="2025-03-18T08:51:57 IST" duration-ms="2341" status="PASS">
          <reporter-output>
          </reporter-output>
        </test-method> <!-- registerAsUserTest -->
        <test-method is-config="true" signature="logout()[pri:0, instance:com.savaprix.ecom.homepage.HomePageTest@67c2e933]" started-at="2025-03-18T08:51:57 IST" name="logout" finished-at="2025-03-18T08:51:57 IST" duration-ms="0" status="PASS">
          <reporter-output>
          </reporter-output>
        </test-method> <!-- logout -->
        <test-method is-config="true" signature="login()[pri:0, instance:com.savaprix.ecom.homepage.HomePageTest@67c2e933]" started-at="2025-03-18T08:51:57 IST" name="login" finished-at="2025-03-18T08:51:57 IST" duration-ms="327" status="PASS">
          <reporter-output>
          </reporter-output>
        </test-method> <!-- login -->
        <test-method signature="removeProductsFromPaymentPendingPage()[pri:0, instance:com.savaprix.ecom.homepage.HomePageTest@67c2e933]" started-at="2025-03-18T08:51:57 IST" name="removeProductsFromPaymentPendingPage" finished-at="2025-03-18T08:52:00 IST" duration-ms="2972" status="PASS">
          <reporter-output>
          </reporter-output>
        </test-method> <!-- removeProductsFromPaymentPendingPage -->
        <test-method is-config="true" signature="logout()[pri:0, instance:com.savaprix.ecom.homepage.HomePageTest@67c2e933]" started-at="2025-03-18T08:52:00 IST" name="logout" finished-at="2025-03-18T08:52:00 IST" duration-ms="1" status="PASS">
          <reporter-output>
          </reporter-output>
        </test-method> <!-- logout -->
        <test-method is-config="true" signature="afterClass()[pri:0, instance:com.savaprix.ecom.homepage.HomePageTest@67c2e933]" started-at="2025-03-18T08:52:00 IST" name="afterClass" finished-at="2025-03-18T08:52:00 IST" duration-ms="265" status="PASS">
          <reporter-output>
          </reporter-output>
        </test-method> <!-- afterClass -->
        <test-method is-config="true" signature="afterSuite()[pri:0, instance:com.savaprix.ecom.homepage.HomePageTest@67c2e933]" started-at="2025-03-18T08:52:00 IST" name="afterSuite" finished-at="2025-03-18T08:52:00 IST" duration-ms="1" status="PASS">
          <reporter-output>
          </reporter-output>
        </test-method> <!-- afterSuite -->
      </class> <!-- com.savaprix.ecom.homepage.HomePageTest -->
    </test> <!-- Default test -->
  </suite> <!-- Default suite -->
</testng-results>
