<?xml version="1.0" encoding="UTF-8"?>
<testng-results ignored="0" total="10" passed="10" failed="0" skipped="0">
  <reporter-output>
  </reporter-output>
  <suite started-at="2025-03-18T10:40:37 IST" name="Default suite" finished-at="2025-03-18T10:41:37 IST" duration-ms="60705">
    <groups>
      <group name="Regression">
        <method signature="HomePageTest.addProductFromWishlistToCart()[pri:0, instance:com.savaprix.ecom.homepage.HomePageTest@67c2e933]" name="addProductFromWishlistToCart" class="com.savaprix.ecom.homepage.HomePageTest"/>
        <method signature="HomePageTest.addProductToCart()[pri:0, instance:com.savaprix.ecom.homepage.HomePageTest@67c2e933]" name="addProductToCart" class="com.savaprix.ecom.homepage.HomePageTest"/>
        <method signature="HomePageTest.addProductToCartAndUpdateAddress()[pri:0, instance:com.savaprix.ecom.homepage.HomePageTest@67c2e933]" name="addProductToCartAndUpdateAddress" class="com.savaprix.ecom.homepage.HomePageTest"/>
        <method signature="HomePageTest.addProductToWishList()[pri:0, instance:com.savaprix.ecom.homepage.HomePageTest@67c2e933]" name="addProductToWishList" class="com.savaprix.ecom.homepage.HomePageTest"/>
        <method signature="HomePageTest.completePendingOrder()[pri:0, instance:com.savaprix.ecom.homepage.HomePageTest@67c2e933]" name="completePendingOrder" class="com.savaprix.ecom.homepage.HomePageTest"/>
        <method signature="HomePageTest.removeProductsFromPaymentPendingPage()[pri:0, instance:com.savaprix.ecom.homepage.HomePageTest@67c2e933]" name="removeProductsFromPaymentPendingPage" class="com.savaprix.ecom.homepage.HomePageTest"/>
      </group> <!-- Regression -->
      <group name="Smoke">
        <method signature="HomePageTest.changeAccountDetails()[pri:0, instance:com.savaprix.ecom.homepage.HomePageTest@67c2e933]" name="changeAccountDetails" class="com.savaprix.ecom.homepage.HomePageTest"/>
        <method signature="HomePageTest.loginWithInvalidCred()[pri:0, instance:com.savaprix.ecom.homepage.HomePageTest@67c2e933]" name="loginWithInvalidCred" class="com.savaprix.ecom.homepage.HomePageTest"/>
        <method signature="HomePageTest.placeOrder()[pri:0, instance:com.savaprix.ecom.homepage.HomePageTest@67c2e933]" name="placeOrder" class="com.savaprix.ecom.homepage.HomePageTest"/>
        <method signature="HomePageTest.registerAsUserTest()[pri:0, instance:com.savaprix.ecom.homepage.HomePageTest@67c2e933]" name="registerAsUserTest" class="com.savaprix.ecom.homepage.HomePageTest"/>
      </group> <!-- Smoke -->
    </groups>
    <test started-at="2025-03-18T10:40:37 IST" name="Default test" finished-at="2025-03-18T10:41:37 IST" duration-ms="60705">
      <class name="com.savaprix.ecom.homepage.HomePageTest">
        <test-method is-config="true" signature="beforeSuite()[pri:0, instance:com.savaprix.ecom.homepage.HomePageTest@67c2e933]" started-at="2025-03-18T10:40:37 IST" name="beforeSuite" finished-at="2025-03-18T10:40:37 IST" duration-ms="30" status="PASS">
          <reporter-output>
          </reporter-output>
        </test-method> <!-- beforeSuite -->
        <test-method is-config="true" signature="beforeClass(java.lang.String)[pri:0, instance:com.savaprix.ecom.homepage.HomePageTest@67c2e933]" started-at="2025-03-18T10:40:37 IST" name="beforeClass" finished-at="2025-03-18T10:40:41 IST" duration-ms="4300" status="PASS">
          <params>
            <param index="0">
              <value>
                <![CDATA[chrome]]>
              </value>
            </param>
          </params>
          <reporter-output>
          </reporter-output>
        </test-method> <!-- beforeClass -->
        <test-method is-config="true" signature="login()[pri:0, instance:com.savaprix.ecom.homepage.HomePageTest@67c2e933]" started-at="2025-03-18T10:40:41 IST" name="login" finished-at="2025-03-18T10:40:42 IST" duration-ms="613" status="PASS">
          <reporter-output>
          </reporter-output>
        </test-method> <!-- login -->
        <test-method signature="addProductFromWishlistToCart()[pri:0, instance:com.savaprix.ecom.homepage.HomePageTest@67c2e933]" started-at="2025-03-18T10:40:42 IST" name="addProductFromWishlistToCart" finished-at="2025-03-18T10:40:46 IST" duration-ms="4670" status="PASS">
          <reporter-output>
          </reporter-output>
        </test-method> <!-- addProductFromWishlistToCart -->
        <test-method is-config="true" signature="logout()[pri:0, instance:com.savaprix.ecom.homepage.HomePageTest@67c2e933]" started-at="2025-03-18T10:40:46 IST" name="logout" finished-at="2025-03-18T10:40:46 IST" duration-ms="2" status="PASS">
          <reporter-output>
          </reporter-output>
        </test-method> <!-- logout -->
        <test-method is-config="true" signature="login()[pri:0, instance:com.savaprix.ecom.homepage.HomePageTest@67c2e933]" started-at="2025-03-18T10:40:46 IST" name="login" finished-at="2025-03-18T10:40:47 IST" duration-ms="590" status="PASS">
          <reporter-output>
          </reporter-output>
        </test-method> <!-- login -->
        <test-method signature="addProductToCart()[pri:0, instance:com.savaprix.ecom.homepage.HomePageTest@67c2e933]" started-at="2025-03-18T10:40:47 IST" name="addProductToCart" finished-at="2025-03-18T10:40:51 IST" duration-ms="4119" status="PASS">
          <reporter-output>
          </reporter-output>
        </test-method> <!-- addProductToCart -->
        <test-method is-config="true" signature="logout()[pri:0, instance:com.savaprix.ecom.homepage.HomePageTest@67c2e933]" started-at="2025-03-18T10:40:51 IST" name="logout" finished-at="2025-03-18T10:40:51 IST" duration-ms="1" status="PASS">
          <reporter-output>
          </reporter-output>
        </test-method> <!-- logout -->
        <test-method is-config="true" signature="login()[pri:0, instance:com.savaprix.ecom.homepage.HomePageTest@67c2e933]" started-at="2025-03-18T10:40:51 IST" name="login" finished-at="2025-03-18T10:40:52 IST" duration-ms="560" status="PASS">
          <reporter-output>
          </reporter-output>
        </test-method> <!-- login -->
        <test-method signature="addProductToCartAndUpdateAddress()[pri:0, instance:com.savaprix.ecom.homepage.HomePageTest@67c2e933]" started-at="2025-03-18T10:40:52 IST" name="addProductToCartAndUpdateAddress" finished-at="2025-03-18T10:41:00 IST" duration-ms="7981" status="PASS">
          <reporter-output>
          </reporter-output>
        </test-method> <!-- addProductToCartAndUpdateAddress -->
        <test-method is-config="true" signature="logout()[pri:0, instance:com.savaprix.ecom.homepage.HomePageTest@67c2e933]" started-at="2025-03-18T10:41:00 IST" name="logout" finished-at="2025-03-18T10:41:00 IST" duration-ms="1" status="PASS">
          <reporter-output>
          </reporter-output>
        </test-method> <!-- logout -->
        <test-method is-config="true" signature="login()[pri:0, instance:com.savaprix.ecom.homepage.HomePageTest@67c2e933]" started-at="2025-03-18T10:41:00 IST" name="login" finished-at="2025-03-18T10:41:00 IST" duration-ms="723" status="PASS">
          <reporter-output>
          </reporter-output>
        </test-method> <!-- login -->
        <test-method signature="addProductToWishList()[pri:0, instance:com.savaprix.ecom.homepage.HomePageTest@67c2e933]" started-at="2025-03-18T10:41:00 IST" name="addProductToWishList" finished-at="2025-03-18T10:41:05 IST" duration-ms="4599" status="PASS">
          <reporter-output>
          </reporter-output>
        </test-method> <!-- addProductToWishList -->
        <test-method is-config="true" signature="logout()[pri:0, instance:com.savaprix.ecom.homepage.HomePageTest@67c2e933]" started-at="2025-03-18T10:41:05 IST" name="logout" finished-at="2025-03-18T10:41:05 IST" duration-ms="1" status="PASS">
          <reporter-output>
          </reporter-output>
        </test-method> <!-- logout -->
        <test-method is-config="true" signature="login()[pri:0, instance:com.savaprix.ecom.homepage.HomePageTest@67c2e933]" started-at="2025-03-18T10:41:05 IST" name="login" finished-at="2025-03-18T10:41:06 IST" duration-ms="611" status="PASS">
          <reporter-output>
          </reporter-output>
        </test-method> <!-- login -->
        <test-method signature="changeAccountDetails()[pri:0, instance:com.savaprix.ecom.homepage.HomePageTest@67c2e933]" started-at="2025-03-18T10:41:06 IST" name="changeAccountDetails" finished-at="2025-03-18T10:41:10 IST" duration-ms="4102" status="PASS">
          <reporter-output>
          </reporter-output>
        </test-method> <!-- changeAccountDetails -->
        <test-method is-config="true" signature="logout()[pri:0, instance:com.savaprix.ecom.homepage.HomePageTest@67c2e933]" started-at="2025-03-18T10:41:10 IST" name="logout" finished-at="2025-03-18T10:41:10 IST" duration-ms="7" status="PASS">
          <reporter-output>
          </reporter-output>
        </test-method> <!-- logout -->
        <test-method is-config="true" signature="login()[pri:0, instance:com.savaprix.ecom.homepage.HomePageTest@67c2e933]" started-at="2025-03-18T10:41:10 IST" name="login" finished-at="2025-03-18T10:41:11 IST" duration-ms="1210" status="PASS">
          <reporter-output>
          </reporter-output>
        </test-method> <!-- login -->
        <test-method signature="completePendingOrder()[pri:0, instance:com.savaprix.ecom.homepage.HomePageTest@67c2e933]" started-at="2025-03-18T10:41:11 IST" name="completePendingOrder" finished-at="2025-03-18T10:41:18 IST" duration-ms="6713" status="PASS">
          <reporter-output>
          </reporter-output>
        </test-method> <!-- completePendingOrder -->
        <test-method is-config="true" signature="logout()[pri:0, instance:com.savaprix.ecom.homepage.HomePageTest@67c2e933]" started-at="2025-03-18T10:41:18 IST" name="logout" finished-at="2025-03-18T10:41:18 IST" duration-ms="1" status="PASS">
          <reporter-output>
          </reporter-output>
        </test-method> <!-- logout -->
        <test-method is-config="true" signature="login()[pri:0, instance:com.savaprix.ecom.homepage.HomePageTest@67c2e933]" started-at="2025-03-18T10:41:18 IST" name="login" finished-at="2025-03-18T10:41:18 IST" duration-ms="604" status="PASS">
          <reporter-output>
          </reporter-output>
        </test-method> <!-- login -->
        <test-method signature="loginWithInvalidCred()[pri:0, instance:com.savaprix.ecom.homepage.HomePageTest@67c2e933]" started-at="2025-03-18T10:41:18 IST" name="loginWithInvalidCred" finished-at="2025-03-18T10:41:20 IST" duration-ms="1351" status="PASS">
          <reporter-output>
          </reporter-output>
        </test-method> <!-- loginWithInvalidCred -->
        <test-method is-config="true" signature="logout()[pri:0, instance:com.savaprix.ecom.homepage.HomePageTest@67c2e933]" started-at="2025-03-18T10:41:20 IST" name="logout" finished-at="2025-03-18T10:41:20 IST" duration-ms="2" status="PASS">
          <reporter-output>
          </reporter-output>
        </test-method> <!-- logout -->
        <test-method is-config="true" signature="login()[pri:0, instance:com.savaprix.ecom.homepage.HomePageTest@67c2e933]" started-at="2025-03-18T10:41:20 IST" name="login" finished-at="2025-03-18T10:41:20 IST" duration-ms="661" status="PASS">
          <reporter-output>
          </reporter-output>
        </test-method> <!-- login -->
        <test-method signature="placeOrder()[pri:0, instance:com.savaprix.ecom.homepage.HomePageTest@67c2e933]" started-at="2025-03-18T10:41:20 IST" name="placeOrder" finished-at="2025-03-18T10:41:26 IST" duration-ms="5888" status="PASS">
          <reporter-output>
          </reporter-output>
        </test-method> <!-- placeOrder -->
        <test-method is-config="true" signature="logout()[pri:0, instance:com.savaprix.ecom.homepage.HomePageTest@67c2e933]" started-at="2025-03-18T10:41:26 IST" name="logout" finished-at="2025-03-18T10:41:26 IST" duration-ms="1" status="PASS">
          <reporter-output>
          </reporter-output>
        </test-method> <!-- logout -->
        <test-method is-config="true" signature="login()[pri:0, instance:com.savaprix.ecom.homepage.HomePageTest@67c2e933]" started-at="2025-03-18T10:41:26 IST" name="login" finished-at="2025-03-18T10:41:27 IST" duration-ms="663" status="PASS">
          <reporter-output>
          </reporter-output>
        </test-method> <!-- login -->
        <test-method signature="registerAsUserTest()[pri:0, instance:com.savaprix.ecom.homepage.HomePageTest@67c2e933]" started-at="2025-03-18T10:41:27 IST" name="registerAsUserTest" finished-at="2025-03-18T10:41:31 IST" duration-ms="3953" status="PASS">
          <reporter-output>
          </reporter-output>
        </test-method> <!-- registerAsUserTest -->
        <test-method is-config="true" signature="logout()[pri:0, instance:com.savaprix.ecom.homepage.HomePageTest@67c2e933]" started-at="2025-03-18T10:41:31 IST" name="logout" finished-at="2025-03-18T10:41:31 IST" duration-ms="1" status="PASS">
          <reporter-output>
          </reporter-output>
        </test-method> <!-- logout -->
        <test-method is-config="true" signature="login()[pri:0, instance:com.savaprix.ecom.homepage.HomePageTest@67c2e933]" started-at="2025-03-18T10:41:31 IST" name="login" finished-at="2025-03-18T10:41:31 IST" duration-ms="656" status="PASS">
          <reporter-output>
          </reporter-output>
        </test-method> <!-- login -->
        <test-method signature="removeProductsFromPaymentPendingPage()[pri:0, instance:com.savaprix.ecom.homepage.HomePageTest@67c2e933]" started-at="2025-03-18T10:41:31 IST" name="removeProductsFromPaymentPendingPage" finished-at="2025-03-18T10:41:37 IST" duration-ms="5358" status="PASS">
          <reporter-output>
          </reporter-output>
        </test-method> <!-- removeProductsFromPaymentPendingPage -->
        <test-method is-config="true" signature="logout()[pri:0, instance:com.savaprix.ecom.homepage.HomePageTest@67c2e933]" started-at="2025-03-18T10:41:37 IST" name="logout" finished-at="2025-03-18T10:41:37 IST" duration-ms="1" status="PASS">
          <reporter-output>
          </reporter-output>
        </test-method> <!-- logout -->
        <test-method is-config="true" signature="afterClass()[pri:0, instance:com.savaprix.ecom.homepage.HomePageTest@67c2e933]" started-at="2025-03-18T10:41:37 IST" name="afterClass" finished-at="2025-03-18T10:41:37 IST" duration-ms="522" status="PASS">
          <reporter-output>
          </reporter-output>
        </test-method> <!-- afterClass -->
        <test-method is-config="true" signature="afterSuite()[pri:0, instance:com.savaprix.ecom.homepage.HomePageTest@67c2e933]" started-at="2025-03-18T10:41:37 IST" name="afterSuite" finished-at="2025-03-18T10:41:37 IST" duration-ms="1" status="PASS">
          <reporter-output>
          </reporter-output>
        </test-method> <!-- afterSuite -->
      </class> <!-- com.savaprix.ecom.homepage.HomePageTest -->
    </test> <!-- Default test -->
  </suite> <!-- Default suite -->
</testng-results>
