<?xml version="1.0" encoding="UTF-8"?>
<!-- Generated by org.testng.reporters.JUnitXMLReporter -->
<testsuite ignored="0" hostname="DESKTOP-2011PF2" failures="0" tests="10" name="Default test" time="32.195" errors="0" timestamp="2025-03-18T08:52:00 IST">
  <testcase classname="com.savaprix.ecom.homepage.HomePageTest" name="addProductFromWishlistToCart" time="2.85"/>
  <testcase classname="com.savaprix.ecom.homepage.HomePageTest" name="addProductToCart" time="1.851"/>
  <testcase classname="com.savaprix.ecom.homepage.HomePageTest" name="addProductToCartAndUpdateAddress" time="4.515"/>
  <testcase classname="com.savaprix.ecom.homepage.HomePageTest" name="addProductToWishList" time="1.882"/>
  <testcase classname="com.savaprix.ecom.homepage.HomePageTest" name="changeAccountDetails" time="1.973"/>
  <testcase classname="com.savaprix.ecom.homepage.HomePageTest" name="completePendingOrder" time="3.513"/>
  <testcase classname="com.savaprix.ecom.homepage.HomePageTest" name="loginWithInvalidCred" time="0.435"/>
  <testcase classname="com.savaprix.ecom.homepage.HomePageTest" name="placeOrder" time="2.566"/>
  <testcase classname="com.savaprix.ecom.homepage.HomePageTest" name="registerAsUserTest" time="2.341"/>
  <testcase classname="com.savaprix.ecom.homepage.HomePageTest" name="removeProductsFromPaymentPendingPage" time="2.972"/>
</testsuite> <!-- Default test -->
