<?xml version="1.0" encoding="UTF-8"?>
<!-- Generated by org.testng.reporters.JUnitXMLReporter -->
<testsuite ignored="0" hostname="DESKTOP-2011PF2" failures="0" tests="10" name="Default test" time="60.705" errors="0" timestamp="2025-03-18T10:41:37 IST">
  <testcase classname="com.savaprix.ecom.homepage.HomePageTest" name="addProductFromWishlistToCart" time="4.67"/>
  <testcase classname="com.savaprix.ecom.homepage.HomePageTest" name="addProductToCart" time="4.119"/>
  <testcase classname="com.savaprix.ecom.homepage.HomePageTest" name="addProductToCartAndUpdateAddress" time="7.981"/>
  <testcase classname="com.savaprix.ecom.homepage.HomePageTest" name="addProductToWishList" time="4.599"/>
  <testcase classname="com.savaprix.ecom.homepage.HomePageTest" name="changeAccountDetails" time="4.102"/>
  <testcase classname="com.savaprix.ecom.homepage.HomePageTest" name="completePendingOrder" time="6.713"/>
  <testcase classname="com.savaprix.ecom.homepage.HomePageTest" name="loginWithInvalidCred" time="1.351"/>
  <testcase classname="com.savaprix.ecom.homepage.HomePageTest" name="placeOrder" time="5.888"/>
  <testcase classname="com.savaprix.ecom.homepage.HomePageTest" name="registerAsUserTest" time="3.953"/>
  <testcase classname="com.savaprix.ecom.homepage.HomePageTest" name="removeProductsFromPaymentPendingPage" time="5.358"/>
</testsuite> <!-- Default test -->
